<?xml version="1.0" encoding="UTF-8"?>
<!-- Generated by org.testng.reporters.JUnitReportReporter -->
<testsuite hostname="sinchana" failures="0" tests="4" name="com.actitime.testscript.AnnotationCustomer" time="0.015" errors="0" timestamp="2023-09-04T20:54:54 IST" skipped="0">
  <testcase classname="com.actitime.testscript.AnnotationCustomer" name="deletercustomer" time="0.006">
    <system-out>
      <![CDATA[deletecustomer]]>
    </system-out>
  </testcase> <!-- deletercustomer -->
  <testcase classname="com.actitime.testscript.AnnotationCustomer" name="registercustomer" time="0.002">
    <system-out>
      <![CDATA[registercustomer]]>
    </system-out>
  </testcase> <!-- registercustomer -->
  <testcase classname="com.actitime.testscript.AnnotationCustomer" name="editcustomer" time="0.004">
    <system-out>
      <![CDATA[editcustomer]]>
    </system-out>
  </testcase> <!-- editcustomer -->
  <testcase classname="com.actitime.testscript.AnnotationCustomer" name="editcustomer" time="0.003">
    <system-out>
      <![CDATA[editcustomer]]>
    </system-out>
  </testcase> <!-- editcustomer -->
  <system-out>
    <![CDATA[openbrowser
login
deletecustomer
logout
login
registercustomer
logout
login
editcustomer
logout
login
editcustomer
logout
closebrowser]]>
  </system-out>
</testsuite> <!-- com.actitime.testscript.AnnotationCustomer -->
