<?xml version="1.0" encoding="UTF-8"?>
<!-- Generated by org.testng.reporters.JUnitReportReporter -->
<testsuite hostname="sinchana" failures="0" tests="1" name="com.actitime.testscript.DemoAssertion" time="9.286" errors="0" timestamp="2023-09-02T10:29:28 IST" skipped="0">
  <testcase classname="com.actitime.testscript.DemoAssertion" name="verifyTitle" time="9.286">
    <system-out>
      <![CDATA[title is not matching not fail]]>
    </system-out>
  </testcase> <!-- verifyTitle -->
  <system-out>
    <![CDATA[title is not matching not fail]]>
  </system-out>
</testsuite> <!-- com.actitime.testscript.DemoAssertion -->
