<?xml version="1.0" encoding="UTF-8"?>
<!-- Generated by org.testng.reporters.JUnitReportReporter -->
<testsuite hostname="sinchana" failures="0" tests="1" name="com.actitime.testscript.DemoTestNG" time="0.001" errors="0" timestamp="2023-09-01T11:06:10 IST" skipped="0">
  <testcase classname="com.actitime.testscript.DemoTestNG" name="demo" time="0.001">
    <system-out>
      <![CDATA[bye]]>
    </system-out>
  </testcase> <!-- demo -->
  <system-out>
    <![CDATA[createcustomer
deletecustomer
modifycustomer
createproject
deleteproject
modifyproject
bye
createproject
deleteproject
modifyproject
createcustomer
createcustomer
createcustomer
modifycustomer
deletecustomer]]>
  </system-out>
</testsuite> <!-- com.actitime.testscript.DemoTestNG -->
