<?xml version="1.0" encoding="UTF-8"?>
<!-- Generated by org.testng.reporters.JUnitReportReporter -->
<testsuite hostname="sinchana" failures="0" tests="2" name="com.actitime.testscript.Annotation" time="0.031" errors="0" timestamp="2023-09-04T10:30:53 IST" skipped="0">
  <testcase classname="com.actitime.testscript.Annotation" name="createcustomer" time="0.014">
    <system-out>
      <![CDATA[createcustomer]]>
    </system-out>
  </testcase> <!-- createcustomer -->
  <testcase classname="com.actitime.testscript.Annotation" name="deletecustomer" time="0.017">
    <system-out>
      <![CDATA[deletecustomer]]>
    </system-out>
  </testcase> <!-- deletecustomer -->
  <system-out>
    <![CDATA[login
createcustomer
logout
login
deletecustomer
logout]]>
  </system-out>
</testsuite> <!-- com.actitime.testscript.Annotation -->
