<?xml version="1.0" encoding="UTF-8"?>
<!-- Generated by org.testng.reporters.JUnitReportReporter -->
<testsuite hostname="sinchana" failures="0" tests="1" name="assertion.DemoAssertion" time="18.747" errors="0" timestamp="2023-09-02T10:22:34 IST" skipped="0">
  <testcase classname="assertion.DemoAssertion" name="verifyTitle" time="18.747">
    <system-out>
      <![CDATA[title is not matching not fail]]>
    </system-out>
  </testcase> <!-- verifyTitle -->
  <system-out>
    <![CDATA[title is not matching not fail]]>
  </system-out>
</testsuite> <!-- assertion.DemoAssertion -->
