<?xml version="1.0" encoding="UTF-8"?>
<!-- Generated by org.testng.reporters.JUnitReportReporter -->
<testsuite hostname="sinchana" failures="0" tests="5" name="com.actitime.testscript.CustomerModule" time="0.021" errors="0" timestamp="2023-09-01T11:06:10 IST" skipped="0">
  <testcase classname="com.actitime.testscript.CustomerModule" name="createcustomer" time="0.002">
    <system-out>
      <![CDATA[createcustomer]]>
    </system-out>
  </testcase> <!-- createcustomer -->
  <testcase classname="com.actitime.testscript.CustomerModule" name="createcustomer" time="0.005">
    <system-out>
      <![CDATA[createcustomer]]>
    </system-out>
  </testcase> <!-- createcustomer -->
  <testcase classname="com.actitime.testscript.CustomerModule" name="createcustomer" time="0.004">
    <system-out>
      <![CDATA[createcustomer]]>
    </system-out>
  </testcase> <!-- createcustomer -->
  <testcase classname="com.actitime.testscript.CustomerModule" name="modifycustomer" time="0.007">
    <system-out>
      <![CDATA[modifycustomer]]>
    </system-out>
  </testcase> <!-- modifycustomer -->
  <testcase classname="com.actitime.testscript.CustomerModule" name="deletecustomer" time="0.003">
    <system-out>
      <![CDATA[deletecustomer]]>
    </system-out>
  </testcase> <!-- deletecustomer -->
  <system-out>
    <![CDATA[createcustomer
deletecustomer
modifycustomer
createproject
deleteproject
modifyproject
bye
createproject
deleteproject
modifyproject
createcustomer
createcustomer
createcustomer
modifycustomer
deletecustomer]]>
  </system-out>
</testsuite> <!-- com.actitime.testscript.CustomerModule -->
