<?xml version="1.0" encoding="UTF-8"?>
<!-- Generated by org.testng.reporters.JUnitReportReporter -->
<testsuite hostname="sinchana" failures="0" tests="3" name="com.actitime.testscript.Projectmod" time="0.006" errors="0" timestamp="2023-09-01T11:06:10 IST" skipped="0">
  <testcase classname="com.actitime.testscript.Projectmod" name="modifyproject" time="0.001">
    <system-out>
      <![CDATA[modifyproject]]>
    </system-out>
  </testcase> <!-- modifyproject -->
  <testcase classname="com.actitime.testscript.Projectmod" name="createproject" time="0.003">
    <system-out>
      <![CDATA[createproject]]>
    </system-out>
  </testcase> <!-- createproject -->
  <testcase classname="com.actitime.testscript.Projectmod" name="deleteproject" time="0.002">
    <system-out>
      <![CDATA[deleteproject]]>
    </system-out>
  </testcase> <!-- deleteproject -->
  <system-out>
    <![CDATA[createcustomer
deletecustomer
modifycustomer
createproject
deleteproject
modifyproject
bye
createproject
deleteproject
modifyproject
createcustomer
createcustomer
createcustomer
modifycustomer
deletecustomer]]>
  </system-out>
</testsuite> <!-- com.actitime.testscript.Projectmod -->
